0 info it worked if it ends with ok
1 verbose cli [ 'C:\\Program Files\\nodejs\\node.exe',
1 verbose cli   'C:\\Users\\Patrick\\AppData\\Roaming\\npm\\node_modules\\npm\\bin\\npm-cli.js',
1 verbose cli   'run',
1 verbose cli   'start' ]
2 info using npm@3.10.9
3 info using node@v8.1.0
4 verbose run-script [ 'prestart', 'start', 'poststart' ]
5 info lifecycle books@1.0.0~prestart: books@1.0.0
6 silly lifecycle books@1.0.0~prestart: no script for prestart, continuing
7 info lifecycle books@1.0.0~start: books@1.0.0
8 verbose lifecycle books@1.0.0~start: unsafe-perm in lifecycle true
9 verbose lifecycle books@1.0.0~start: PATH: C:\Users\Patrick\AppData\Roaming\npm\node_modules\npm\bin\node-gyp-bin;C:\Users\Patrick\Desktop\bookshelf\node_modules\.bin;C:\ProgramData\Oracle\Java\javapath;C:\Python27\;C:\Python27\Scripts;C:\Program Files (x86)\Intel\iCLS Client\;C:\Program Files\Intel\iCLS Client\;C:\WINDOWS\system32;C:\WINDOWS;C:\WINDOWS\System32\Wbem;C:\WINDOWS\System32\WindowsPowerShell\v1.0\;C:\Program Files (x86)\Windows Live\Shared;C:\Program Files\Intel\Intel(R) Management Engine Components\DAL;C:\Program Files\Intel\Intel(R) Management Engine Components\IPT;C:\Program Files (x86)\Intel\Intel(R) Management Engine Components\DAL;C:\Program Files (x86)\Intel\Intel(R) Management Engine Components\IPT;C:\Program Files\Hewlett-Packard\SimplePass\;C:\Program Files\CloudFoundry\;C:\Program Files\cURL\bin;C:\Program Files (x86)\Git\cmd;C:\Program Files\Intel\WiFi\bin\;C:\Program Files\Common Files\Intel\WirelessCommon\;C:\Program Files\Hugo;C:\Program Files\MongoDB\Server\3.0\bin;C:\Users\Patrick\.dnx\bin;C:\Program Files\Microsoft DNX\Dnvm\;C:\Program Files (x86)\Windows Kits\8.1\Windows Performance Toolkit\;C:\Program Files\CloudFoundry;C:\Program Files\openwhisk\;C:\Program Files\MySQL\MySQL Utilities 1.6\;C:\Program Files\nodejs\;C:\Users\Patrick\AppData\Local\Programs\Git\cmd;C:\Users\Patrick\AppData\Local\Programs\Python\Launcher\;c:\Program Files\cURL\;C:\Users\Patrick\AppData\Local\atom\bin;C:\Program Files\Intel\WiFi\bin\;C:\Program Files\Common Files\Intel\WirelessCommon\;C:\Program Files\Hugo\;C:\Program Files\MongoDB\Server\3.0\bin;C:\Users\Patrick\AppData\Local\Programs\Git\cmd;C:\Users\Patrick\AppData\Local\Microsoft\WindowsApps;c:\Program Files\Redis\;C:\Program Files\openwhisk;C:\Users\Patrick\AppData\Roaming\npm
10 verbose lifecycle books@1.0.0~start: CWD: C:\Users\Patrick\Desktop\bookshelf
11 silly lifecycle books@1.0.0~start: Args: [ '/d /s /c', 'react-scripts start' ]
12 verbose stack Error: kill ENOSYS
12 verbose stack     at exports._errnoException (util.js:1014:11)
12 verbose stack     at process.kill (internal/process.js:181:13)
12 verbose stack     at process.listener (C:\Users\Patrick\AppData\Roaming\npm\node_modules\npm\node_modules\npmlog\node_modules\gauge\node_modules\signal-exit\index.js:86:15)
12 verbose stack     at emitNone (events.js:110:20)
12 verbose stack     at process.emit (events.js:207:7)
12 verbose stack     at processEmit (C:\Users\Patrick\AppData\Roaming\npm\node_modules\npm\node_modules\npmlog\node_modules\gauge\node_modules\signal-exit\index.js:146:32)
12 verbose stack     at processEmit (C:\Users\Patrick\AppData\Roaming\npm\node_modules\npm\node_modules\npm-registry-client\node_modules\npmlog\node_modules\gauge\node_modules\signal-exit\index.js:146:32)
12 verbose stack     at Signal.wrap.onsignal (internal/process.js:207:44)
13 verbose cwd C:\Users\Patrick\Desktop\bookshelf
14 error Windows_NT 10.0.15063
15 error argv "C:\\Program Files\\nodejs\\node.exe" "C:\\Users\\Patrick\\AppData\\Roaming\\npm\\node_modules\\npm\\bin\\npm-cli.js" "run" "start"
16 error node v8.1.0
17 error npm  v3.10.9
18 error code ENOSYS
19 error errno ENOSYS
20 error syscall kill
21 error kill ENOSYS
22 error If you need help, you may report this error at:
22 error     <https://github.com/npm/npm/issues>
23 verbose exit [ 1, true ]
